<?xml version="1.0" encoding="UTF-8"?>
<!-- Generated by org.testng.reporters.JUnitReportReporter -->
<testsuite hostname="DESKTOP-1Q0EG59" failures="0" tests="2" name="com.crm.qa.testcases.LoginPageTest" time="42.251" errors="0" timestamp="08 Jan 2020 23:25:28 GMT" skipped="0">
  <testcase classname="com.crm.qa.testcases.LoginPageTest" name="ValidateTitle" time="22.282"/>
  <testcase classname="com.crm.qa.testcases.LoginPageTest" name="LoginTest" time="19.969"/>
</testsuite> <!-- com.crm.qa.testcases.LoginPageTest -->
