<?xml version="1.0" encoding="UTF-8"?>
<!-- Generated by org.testng.reporters.JUnitReportReporter -->
<testsuite hostname="DESKTOP-1Q0EG59" failures="0" tests="1" name="com.crm.qa.testcases.HomePageTest" time="34.540" errors="0" timestamp="08 Jan 2020 23:39:32 GMT" skipped="0">
  <testcase classname="com.crm.qa.testcases.HomePageTest" name="NavigateToContactsPage" time="34.540"/>
</testsuite> <!-- com.crm.qa.testcases.HomePageTest -->
