<?xml version="1.0" encoding="UTF-8"?>
<!-- Generated by org.testng.reporters.JUnitReportReporter -->
<testsuite hostname="DESKTOP-1Q0EG59" failures="0" tests="2" name="com.crm.qa.testcases.ContactsTestCase" time="56.128" errors="0" timestamp="07 Jan 2020 22:50:30 GMT" skipped="0">
  <testcase classname="com.crm.qa.testcases.ContactsTestCase" name="ValidateCreateNewContact" time="30.408"/>
  <testcase classname="com.crm.qa.testcases.ContactsTestCase" name="ValidateCreateNewContact" time="25.720"/>
</testsuite> <!-- com.crm.qa.testcases.ContactsTestCase -->
